This is pdfTeX, Version 3.14159265-2.6-1.40.16 (MiKTeX 2.9) (preloaded format=pdflatex 2016.1.14)  19 JAN 2018 17:54
entering extended mode
**./aa274_hw1.tex
(aa274_hw1.tex
LaTeX2e <2015/10/01> patch level 2
Babel <3.9m> and hyphenation patterns for 69 languages loaded.
("C:\Program Files (x86)\MiKTeX 2.9\tex\latex\base\article.cls"
Document Class: article 2014/09/29 v1.4h Standard LaTeX document class
("C:\Program Files (x86)\MiKTeX 2.9\tex\latex\base\size12.clo"
File: size12.clo 2014/09/29 v1.4h Standard LaTeX file (size option)
)
\c@part=\count79
\c@section=\count80
\c@subsection=\count81
\c@subsubsection=\count82
\c@paragraph=\count83
\c@subparagraph=\count84
\c@figure=\count85
\c@table=\count86
\abovecaptionskip=\skip41
\belowcaptionskip=\skip42
\bibindent=\dimen102
)
("C:\Program Files (x86)\MiKTeX 2.9\tex\latex\preprint\fullpage.sty"
Package: fullpage 1999/02/23 1.1 (PWD)
\FP@margin=\skip43
)
("C:\Program Files (x86)\MiKTeX 2.9\tex\latex\graphics\graphicx.sty"
Package: graphicx 2014/10/28 v1.0g Enhanced LaTeX Graphics (DPC,SPQR)

("C:\Program Files (x86)\MiKTeX 2.9\tex\latex\graphics\keyval.sty"
Package: keyval 2014/10/28 v1.15 key=value parser (DPC)
\KV@toks@=\toks14
)
("C:\Program Files (x86)\MiKTeX 2.9\tex\latex\graphics\graphics.sty"
Package: graphics 2014/10/28 v1.0p Standard LaTeX Graphics (DPC,SPQR)

("C:\Program Files (x86)\MiKTeX 2.9\tex\latex\graphics\trig.sty"
Package: trig 1999/03/16 v1.09 sin cos tan (DPC)
)
("C:\Program Files (x86)\MiKTeX 2.9\tex\latex\00miktex\graphics.cfg"
File: graphics.cfg 2007/01/18 v1.5 graphics configuration of teTeX/TeXLive
)
Package graphics Info: Driver file: pdftex.def on input line 94.

("C:\Program Files (x86)\MiKTeX 2.9\tex\latex\pdftex-def\pdftex.def"
File: pdftex.def 2011/05/27 v0.06d Graphics/color for pdfTeX

("C:\Program Files (x86)\MiKTeX 2.9\tex\generic\oberdiek\infwarerr.sty"
Package: infwarerr 2010/04/08 v1.3 Providing info/warning/error messages (HO)
)
("C:\Program Files (x86)\MiKTeX 2.9\tex\generic\oberdiek\ltxcmds.sty"
Package: ltxcmds 2011/11/09 v1.22 LaTeX kernel commands for general use (HO)
)
\Gread@gobject=\count87
))
\Gin@req@height=\dimen103
\Gin@req@width=\dimen104
)
("C:\Program Files (x86)\MiKTeX 2.9\tex\latex\psfrag\psfrag.sty"
Package: psfrag 1998/04/11 v3.04 PSfrag (MCG)
\pfg@pcount=\count88
\pfg@scount=\count89
\pfg@temp=\write3
)
("C:\Program Files (x86)\MiKTeX 2.9\tex\latex\url\url.sty"
\Urlmuskip=\muskip10
Package: url 2013/09/16  ver 3.4  Verb mode for urls, etc.
)
("C:\Program Files (x86)\MiKTeX 2.9\tex\latex\aspectratio\ar.sty"
Package: ar 2012/01/23 v.2.0 Aspect Ratio symbol: CM, TX, PX styles
)
("C:\Program Files (x86)\MiKTeX 2.9\tex\latex\rotating\rotating.sty"
Package: rotating 2009/03/28 v2.16a rotated objects in LaTeX

("C:\Program Files (x86)\MiKTeX 2.9\tex\latex\base\ifthen.sty"
Package: ifthen 2014/09/29 v1.1c Standard LaTeX ifthen package (DPC)
)
\c@r@tfl@t=\count90
\rotFPtop=\skip44
\rotFPbot=\skip45
\rot@float@box=\box26
\rot@mess@toks=\toks15
)
("C:\Program Files (x86)\MiKTeX 2.9\tex\latex\float\float.sty"
Package: float 2001/11/08 v1.3d Float enhancements (AL)
\c@float@type=\count91
\float@exts=\toks16
\float@box=\box27
\@float@everytoks=\toks17
\@floatcapt=\box28
)
("C:\Program Files (x86)\MiKTeX 2.9\tex\latex\caption\caption.sty"
Package: caption 2016/02/21 v3.3-144 Customizing captions (AR)

("C:\Program Files (x86)\MiKTeX 2.9\tex\latex\caption\caption3.sty"
Package: caption3 2016/02/04 v1.7-139 caption3 kernel (AR)
Package caption3 Info: TeX engine: e-TeX on input line 67.
\captionmargin=\dimen105
\captionmargin@=\dimen106
\captionwidth=\dimen107
\caption@tempdima=\dimen108
\caption@indent=\dimen109
\caption@parindent=\dimen110
\caption@hangindent=\dimen111
)
\c@ContinuedFloat=\count92
Package caption Info: float package is loaded.
Package caption Info: rotating package is loaded.
)
("C:\Program Files (x86)\MiKTeX 2.9\tex\latex\amsmath\amsmath.sty"
Package: amsmath 2013/01/14 v2.14 AMS math features
\@mathmargin=\skip46

For additional information on amsmath, use the `?' option.
("C:\Program Files (x86)\MiKTeX 2.9\tex\latex\amsmath\amstext.sty"
Package: amstext 2000/06/29 v2.01

("C:\Program Files (x86)\MiKTeX 2.9\tex\latex\amsmath\amsgen.sty"
File: amsgen.sty 1999/11/30 v2.0
\@emptytoks=\toks18
\ex@=\dimen112
))
("C:\Program Files (x86)\MiKTeX 2.9\tex\latex\amsmath\amsbsy.sty"
Package: amsbsy 1999/11/29 v1.2d
\pmbraise@=\dimen113
)
("C:\Program Files (x86)\MiKTeX 2.9\tex\latex\amsmath\amsopn.sty"
Package: amsopn 1999/12/14 v2.01 operator names
)
\inf@bad=\count93
LaTeX Info: Redefining \frac on input line 210.
\uproot@=\count94
\leftroot@=\count95
LaTeX Info: Redefining \overline on input line 306.
\classnum@=\count96
\DOTSCASE@=\count97
LaTeX Info: Redefining \ldots on input line 378.
LaTeX Info: Redefining \dots on input line 381.
LaTeX Info: Redefining \cdots on input line 466.
\Mathstrutbox@=\box29
\strutbox@=\box30
\big@size=\dimen114
LaTeX Font Info:    Redeclaring font encoding OML on input line 566.
LaTeX Font Info:    Redeclaring font encoding OMS on input line 567.
\macc@depth=\count98
\c@MaxMatrixCols=\count99
\dotsspace@=\muskip11
\c@parentequation=\count100
\dspbrk@lvl=\count101
\tag@help=\toks19
\row@=\count102
\column@=\count103
\maxfields@=\count104
\andhelp@=\toks20
\eqnshift@=\dimen115
\alignsep@=\dimen116
\tagshift@=\dimen117
\tagwidth@=\dimen118
\totwidth@=\dimen119
\lineht@=\dimen120
\@envbody=\toks21
\multlinegap=\skip47
\multlinetaggap=\skip48
\mathdisplay@stack=\toks22
LaTeX Info: Redefining \[ on input line 2665.
LaTeX Info: Redefining \] on input line 2666.
)
("C:\Program Files (x86)\MiKTeX 2.9\tex\latex\amsfonts\amssymb.sty"
Package: amssymb 2013/01/14 v3.01 AMS font symbols

("C:\Program Files (x86)\MiKTeX 2.9\tex\latex\amsfonts\amsfonts.sty"
Package: amsfonts 2013/01/14 v3.01 Basic AMSFonts support
\symAMSa=\mathgroup4
\symAMSb=\mathgroup5
LaTeX Font Info:    Overwriting math alphabet `\mathfrak' in version `bold'
(Font)                  U/euf/m/n --> U/euf/b/n on input line 106.
))
("C:\Program Files (x86)\MiKTeX 2.9\tex\latex\enumitem\enumitem.sty"
Package: enumitem 2011/09/28 v3.5.2 Customized lists
\labelindent=\skip49
\enit@outerparindent=\dimen121
\enit@toks=\toks23
\enit@inbox=\box31
\enitdp@description=\count105
)
("C:\Program Files (x86)\MiKTeX 2.9\tex\latex\bbm\bbm.sty"
Package: bbm 1999/03/15 V 1.2 provides fonts for set symbols - TH
LaTeX Font Info:    Overwriting math alphabet `\mathbbm' in version `bold'
(Font)                  U/bbm/m/n --> U/bbm/bx/n on input line 33.
LaTeX Font Info:    Overwriting math alphabet `\mathbbmss' in version `bold'
(Font)                  U/bbmss/m/n --> U/bbmss/bx/n on input line 35.
)
("C:\Program Files (x86)\MiKTeX 2.9\tex\latex\caption\subcaption.sty"
Package: subcaption 2016/02/20 v1.1-142 Sub-captions (AR)
\c@subfigure=\count106
\c@subtable=\count107
)
("C:\Program Files (x86)\MiKTeX 2.9\tex\latex\multirow\multirow.sty"
\bigstrutjot=\dimen122
)
(aa274_hw1.aux)
\openout1 = `aa274_hw1.aux'.

LaTeX Font Info:    Checking defaults for OML/cmm/m/it on input line 13.
LaTeX Font Info:    ... okay on input line 13.
LaTeX Font Info:    Checking defaults for T1/cmr/m/n on input line 13.
LaTeX Font Info:    ... okay on input line 13.
LaTeX Font Info:    Checking defaults for OT1/cmr/m/n on input line 13.
LaTeX Font Info:    ... okay on input line 13.
LaTeX Font Info:    Checking defaults for OMS/cmsy/m/n on input line 13.
LaTeX Font Info:    ... okay on input line 13.
LaTeX Font Info:    Checking defaults for OMX/cmex/m/n on input line 13.
LaTeX Font Info:    ... okay on input line 13.
LaTeX Font Info:    Checking defaults for U/cmr/m/n on input line 13.
LaTeX Font Info:    ... okay on input line 13.

("C:\Program Files (x86)\MiKTeX 2.9\tex\context\base\supp-pdf.mkii"
[Loading MPS to PDF converter (version 2006.09.02).]
\scratchcounter=\count108
\scratchdimen=\dimen123
\scratchbox=\box32
\nofMPsegments=\count109
\nofMParguments=\count110
\everyMPshowfont=\toks24
\MPscratchCnt=\count111
\MPscratchDim=\dimen124
\MPnumerator=\count112
\makeMPintoPDFobject=\count113
\everyMPtoPDFconversion=\toks25
)
Package caption Info: Begin \AtBeginDocument code.
Package caption Info: End \AtBeginDocument code.
LaTeX Font Info:    Try loading font information for U+msa on input line 14.
 ("C:\Program Files (x86)\MiKTeX 2.9\tex\latex\amsfonts\umsa.fd"
File: umsa.fd 2013/01/14 v3.01 AMS symbols A
)
LaTeX Font Info:    Try loading font information for U+msb on input line 14.

("C:\Program Files (x86)\MiKTeX 2.9\tex\latex\amsfonts\umsb.fd"
File: umsb.fd 2013/01/14 v3.01 AMS symbols B
) [1
Non-PDF special ignored!

{C:/Users/drago/AppData/Local/MiKTeX/2.9/pdftex/config/pdftex.map}] [2] <../Fig
ures/hw1_1_iv_a.png, id=20, 865.7946pt x 641.0349pt>
File: ../Figures/hw1_1_iv_a.png Graphic file (type png)

<use ../Figures/hw1_1_iv_a.png>
Package pdftex.def Info: ../Figures/hw1_1_iv_a.png used on input line 138.
(pdftex.def)             Requested size: 469.75502pt x 347.80673pt.

<../Figures/hw1_1_iv_b.png, id=22, 865.7946pt x 641.0349pt>
File: ../Figures/hw1_1_iv_b.png Graphic file (type png)

<use ../Figures/hw1_1_iv_b.png>
Package pdftex.def Info: ../Figures/hw1_1_iv_b.png used on input line 143.
(pdftex.def)             Requested size: 469.75502pt x 347.80673pt.
 [3 <../Figures/hw1_1_iv_a.png>]
<../Figures/hw1_1_v_traj.png, id=27, 865.7946pt x 641.0349pt>
File: ../Figures/hw1_1_v_traj.png Graphic file (type png)

<use ../Figures/hw1_1_v_traj.png>
Package pdftex.def Info: ../Figures/hw1_1_v_traj.png used on input line 149.
(pdftex.def)             Requested size: 469.75502pt x 347.80673pt.

<../Figures/hw1_1_v_control.png, id=28, 865.7946pt x 641.0349pt>
File: ../Figures/hw1_1_v_control.png Graphic file (type png)

<use ../Figures/hw1_1_v_control.png>
Package pdftex.def Info: ../Figures/hw1_1_v_control.png used on input line 154.

(pdftex.def)             Requested size: 469.75502pt x 347.80673pt.
 [4 <../Figures/hw1_1_iv_b.png>] [5 <../Figures/hw1_1_v_traj.png>] [6 <../Figur
es/hw1_1_v_control.png>] [7]
<../Figures/hw1_2_iv_a.png, id=45, 1387.584pt x 764.6166pt>
File: ../Figures/hw1_2_iv_a.png Graphic file (type png)

<use ../Figures/hw1_2_iv_a.png>
Package pdftex.def Info: ../Figures/hw1_2_iv_a.png used on input line 345.
(pdftex.def)             Requested size: 469.75502pt x 258.85782pt.

<../Figures/hw1_2_iv_b.png, id=46, 1387.584pt x 764.6166pt>
File: ../Figures/hw1_2_iv_b.png Graphic file (type png)

<use ../Figures/hw1_2_iv_b.png>
Package pdftex.def Info: ../Figures/hw1_2_iv_b.png used on input line 350.
(pdftex.def)             Requested size: 469.75502pt x 258.85782pt.
 [8]
<../Figures/hw1_2_iv_c.png, id=50, 1387.584pt x 764.6166pt>
File: ../Figures/hw1_2_iv_c.png Graphic file (type png)

<use ../Figures/hw1_2_iv_c.png>
Package pdftex.def Info: ../Figures/hw1_2_iv_c.png used on input line 355.
(pdftex.def)             Requested size: 469.75502pt x 258.85782pt.
 [9 <../Figures/hw1_2_iv_a.png> <../Figures/hw1_2_iv_b.png>] <../Figures/hw1_2_
v_traj.png, id=56, 1387.584pt x 669.9429pt>
File: ../Figures/hw1_2_v_traj.png Graphic file (type png)

<use ../Figures/hw1_2_v_traj.png>
Package pdftex.def Info: ../Figures/hw1_2_v_traj.png used on input line 361.
(pdftex.def)             Requested size: 469.75502pt x 226.80643pt.

<../Figures/hw1_2_v_control.png, id=57, 1387.584pt x 669.9429pt>
File: ../Figures/hw1_2_v_control.png Graphic file (type png)

<use ../Figures/hw1_2_v_control.png>
Package pdftex.def Info: ../Figures/hw1_2_v_control.png used on input line 366.

(pdftex.def)             Requested size: 469.75502pt x 226.80643pt.
 [10 <../Figures/hw1_2_iv_c.png> <../Figures/hw1_2_v_traj.png>] [11 <../Figures
/hw1_2_v_control.png>]
<../Figures/hw1_3_ii_a_forward.png, id=67, 1387.584pt x 669.9429pt>
File: ../Figures/hw1_3_ii_a_forward.png Graphic file (type png)

<use ../Figures/hw1_3_ii_a_forward.png>
Package pdftex.def Info: ../Figures/hw1_3_ii_a_forward.png used on input line 4
07.
(pdftex.def)             Requested size: 469.75502pt x 226.80643pt.

<../Figures/hw1_3_ii_b_forward.png, id=68, 1387.584pt x 669.9429pt>
File: ../Figures/hw1_3_ii_b_forward.png Graphic file (type png)

<use ../Figures/hw1_3_ii_b_forward.png>
Package pdftex.def Info: ../Figures/hw1_3_ii_b_forward.png used on input line 4
12.
(pdftex.def)             Requested size: 469.75502pt x 226.80643pt.

<../Figures/hw1_3_ii_a_reverse.png, id=69, 1387.584pt x 764.6166pt>
File: ../Figures/hw1_3_ii_a_reverse.png Graphic file (type png)

<use ../Figures/hw1_3_ii_a_reverse.png>
Package pdftex.def Info: ../Figures/hw1_3_ii_a_reverse.png used on input line 4
17.
(pdftex.def)             Requested size: 469.75502pt x 258.85782pt.
 [12 <../Figures/hw1_3_ii_a_forward.png>] <../Figures/hw1_3_ii_b_reverse.png, i
d=74, 1387.584pt x 764.6166pt>
File: ../Figures/hw1_3_ii_b_reverse.png Graphic file (type png)

<use ../Figures/hw1_3_ii_b_reverse.png>
Package pdftex.def Info: ../Figures/hw1_3_ii_b_reverse.png used on input line 4
22.
(pdftex.def)             Requested size: 469.75502pt x 258.85782pt.

<../Figures/hw1_3_ii_a_parallel.png, id=75, 1387.584pt x 764.6166pt>
File: ../Figures/hw1_3_ii_a_parallel.png Graphic file (type png)

<use ../Figures/hw1_3_ii_a_parallel.png>
Package pdftex.def Info: ../Figures/hw1_3_ii_a_parallel.png used on input line 
427.
(pdftex.def)             Requested size: 469.75502pt x 258.85782pt.
 [13 <../Figures/hw1_3_ii_b_forward.png> <../Figures/hw1_3_ii_a_reverse.png>]
<../Figures/hw1_3_ii_b_parallel.png, id=82, 1387.584pt x 764.6166pt>
File: ../Figures/hw1_3_ii_b_parallel.png Graphic file (type png)

<use ../Figures/hw1_3_ii_b_parallel.png>
Package pdftex.def Info: ../Figures/hw1_3_ii_b_parallel.png used on input line 
432.
(pdftex.def)             Requested size: 469.75502pt x 258.85782pt.
 [14 <../Figures/hw1_3_ii_b_reverse.png> <../Figures/hw1_3_ii_a_parallel.png>] 
[15 <../Figures/hw1_3_ii_b_parallel.png>] (aa274_hw1.aux) ) 
Here is how much of TeX's memory you used:
 3904 strings out of 493634
 57526 string characters out of 3141314
 136139 words of memory out of 3000000
 7231 multiletter control sequences out of 15000+200000
 12886 words of font info for 50 fonts, out of 3000000 for 9000
 1025 hyphenation exceptions out of 8191
 36i,21n,38p,579b,365s stack positions out of 5000i,500n,10000p,200000b,50000s
<C:/Program Files (x
86)/MiKTeX 2.9/fonts/type1/public/amsfonts/cm/cmbx12.pfb><C:/Program Files (x86
)/MiKTeX 2.9/fonts/type1/public/amsfonts/cm/cmbx8.pfb><C:/Program Files (x86)/M
iKTeX 2.9/fonts/type1/public/amsfonts/cm/cmex10.pfb><C:/Program Files (x86)/MiK
TeX 2.9/fonts/type1/public/amsfonts/cm/cmmi12.pfb><C:/Program Files (x86)/MiKTe
X 2.9/fonts/type1/public/amsfonts/cm/cmmi6.pfb><C:/Program Files (x86)/MiKTeX 2
.9/fonts/type1/public/amsfonts/cm/cmmi8.pfb><C:/Program Files (x86)/MiKTeX 2.9/
fonts/type1/public/amsfonts/cm/cmr12.pfb><C:/Program Files (x86)/MiKTeX 2.9/fon
ts/type1/public/amsfonts/cm/cmr17.pfb><C:/Program Files (x86)/MiKTeX 2.9/fonts/
type1/public/amsfonts/cm/cmr8.pfb><C:/Program Files (x86)/MiKTeX 2.9/fonts/type
1/public/amsfonts/cm/cmsy10.pfb><C:/Program Files (x86)/MiKTeX 2.9/fonts/type1/
public/amsfonts/cm/cmsy8.pfb><C:/Program Files (x86)/MiKTeX 2.9/fonts/type1/pub
lic/amsfonts/cm/cmtt12.pfb><C:/Program Files (x86)/MiKTeX 2.9/fonts/type1/publi
c/amsfonts/symbols/msbm10.pfb>
Output written on aa274_hw1.pdf (15 pages, 978991 bytes).
PDF statistics:
 134 PDF objects out of 1000 (max. 8388607)
 0 named destinations out of 1000 (max. 500000)
 76 words of extra memory for PDF output out of 10000 (max. 10000000)

